{
"contracts\\AvengersNFT.sol":{"l":{"16":0,"17":0,"18":0,"19":0},"path":"C:\\Users\\varch\\Desktop\\Rapid Innovation\\Learning-Materials\\av-git-smart-contracts\\contracts\\AvengersNFT.sol","s":{"1":0,"2":0,"3":0,"4":0},"b":{},"f":{"1":0,"2":0},"fnMap":{"1":{"name":"constructor","line":13,"loc":{"start":{"line":13,"column":4},"end":{"line":13,"column":60}}},"2":{"name":"mint","line":15,"loc":{"start":{"line":15,"column":4},"end":{"line":20,"column":4}}}},"statementMap":{"1":{"start":{"line":16,"column":8},"end":{"line":16,"column":26}},"2":{"start":{"line":17,"column":8},"end":{"line":17,"column":46}},"3":{"start":{"line":18,"column":8},"end":{"line":18,"column":33}},"4":{"start":{"line":19,"column":8},"end":{"line":19,"column":25}}},"branchMap":{}},
"contracts\\ERC20TokenTest.sol":{"l":{"11":3,"15":1,"19":1},"path":"C:\\Users\\varch\\Desktop\\Rapid Innovation\\Learning-Materials\\av-git-smart-contracts\\contracts\\ERC20TokenTest.sol","s":{"1":3,"2":1,"3":1},"b":{},"f":{"1":3,"2":1,"3":1},"fnMap":{"1":{"name":"constructor","line":10,"loc":{"start":{"line":10,"column":4},"end":{"line":12,"column":4}}},"2":{"name":"testMint","line":14,"loc":{"start":{"line":14,"column":4},"end":{"line":16,"column":4}}},"3":{"name":"testBurn","line":18,"loc":{"start":{"line":18,"column":4},"end":{"line":20,"column":4}}}},"statementMap":{"1":{"start":{"line":11,"column":8},"end":{"line":11,"column":28}},"2":{"start":{"line":15,"column":8},"end":{"line":15,"column":32}},"3":{"start":{"line":19,"column":8},"end":{"line":19,"column":32}}},"branchMap":{}},
"contracts\\MultiSigWallet.sol":{"l":{"35":0,"36":0,"40":0,"41":0,"45":0,"46":0,"50":0,"51":0,"55":0,"56":0,"62":0,"63":0,"65":0,"66":0,"68":0,"69":0,"72":0,"76":0,"84":0,"86":0,"96":0,"106":0,"107":0,"108":0,"110":0,"119":0,"121":0,"126":0,"128":0,"131":0,"133":0,"142":0,"144":0,"146":0,"147":0,"149":0,"153":0,"157":0,"172":0,"174":0},"path":"C:\\Users\\varch\\Desktop\\Rapid Innovation\\Learning-Materials\\av-git-smart-contracts\\contracts\\MultiSigWallet.sol","s":{"1":0,"2":0,"3":0,"4":0,"5":0,"6":0,"7":0,"8":0,"9":0,"10":0,"11":0,"12":0,"13":0,"14":0,"15":0,"16":0,"17":0,"18":0,"19":0,"20":0,"21":0,"22":0,"23":0,"24":0,"25":0,"26":0,"27":0,"28":0,"29":0,"30":0,"31":0,"32":0,"33":0,"34":0,"35":0},"b":{"1":[0,0],"2":[0,0],"3":[0,0],"4":[0,0],"5":[0,0],"6":[0,0],"7":[0,0],"8":[0,0],"9":[0,0],"10":[0,0],"11":[0,0]},"f":{"1":0,"2":0,"3":0,"4":0,"5":0,"6":0,"7":0,"8":0,"9":0,"10":0,"11":0,"12":0},"fnMap":{"1":{"name":"onlyOwner","line":34,"loc":{"start":{"line":34,"column":4},"end":{"line":37,"column":4}}},"2":{"name":"txExists","line":39,"loc":{"start":{"line":39,"column":4},"end":{"line":42,"column":4}}},"3":{"name":"notExecuted","line":44,"loc":{"start":{"line":44,"column":4},"end":{"line":47,"column":4}}},"4":{"name":"notConfirmed","line":49,"loc":{"start":{"line":49,"column":4},"end":{"line":52,"column":4}}},"5":{"name":"constructor","line":54,"loc":{"start":{"line":54,"column":4},"end":{"line":73,"column":4}}},"6":{"name":"submitTransaction","line":83,"loc":{"start":{"line":79,"column":4},"end":{"line":97,"column":4}}},"7":{"name":"confirmTransaction","line":104,"loc":{"start":{"line":99,"column":4},"end":{"line":111,"column":4}}},"8":{"name":"executeTransaction","line":117,"loc":{"start":{"line":113,"column":4},"end":{"line":134,"column":4}}},"9":{"name":"revokeConfirmation","line":140,"loc":{"start":{"line":136,"column":4},"end":{"line":150,"column":4}}},"10":{"name":"getOwners","line":152,"loc":{"start":{"line":152,"column":4},"end":{"line":154,"column":4}}},"11":{"name":"getTransactionCount","line":156,"loc":{"start":{"line":156,"column":4},"end":{"line":158,"column":4}}},"12":{"name":"getTransaction","line":163,"loc":{"start":{"line":160,"column":4},"end":{"line":181,"column":4}}}},"statementMap":{"1":{"start":{"line":35,"column":8},"end":{"line":35,"column":48}},"2":{"start":{"line":40,"column":8},"end":{"line":40,"column":67}},"3":{"start":{"line":45,"column":8},"end":{"line":45,"column":71}},"4":{"start":{"line":50,"column":8},"end":{"line":50,"column":74}},"5":{"start":{"line":55,"column":8},"end":{"line":55,"column":53}},"6":{"start":{"line":56,"column":8},"end":{"line":56,"column":1637}},"7":{"start":{"line":62,"column":8},"end":{"line":62,"column":1833}},"8":{"start":{"line":63,"column":12},"end":{"line":63,"column":38}},"9":{"start":{"line":65,"column":12},"end":{"line":65,"column":56}},"10":{"start":{"line":66,"column":12},"end":{"line":66,"column":55}},"11":{"start":{"line":68,"column":12},"end":{"line":68,"column":32}},"12":{"start":{"line":69,"column":12},"end":{"line":69,"column":29}},"13":{"start":{"line":72,"column":8},"end":{"line":72,"column":59}},"14":{"start":{"line":84,"column":8},"end":{"line":84,"column":42}},"15":{"start":{"line":86,"column":8},"end":{"line":86,"column":2494}},"16":{"start":{"line":96,"column":8},"end":{"line":96,"column":60}},"17":{"start":{"line":106,"column":8},"end":{"line":106,"column":64}},"18":{"start":{"line":107,"column":8},"end":{"line":107,"column":40}},"19":{"start":{"line":108,"column":8},"end":{"line":108,"column":47}},"20":{"start":{"line":110,"column":8},"end":{"line":110,"column":42}},"21":{"start":{"line":119,"column":8},"end":{"line":119,"column":64}},"22":{"start":{"line":121,"column":8},"end":{"line":121,"column":3427}},"23":{"start":{"line":126,"column":8},"end":{"line":126,"column":34}},"24":{"start":{"line":128,"column":8},"end":{"line":128,"column":3604}},"25":{"start":{"line":131,"column":8},"end":{"line":131,"column":36}},"26":{"start":{"line":133,"column":8},"end":{"line":133,"column":42}},"27":{"start":{"line":142,"column":8},"end":{"line":142,"column":64}},"28":{"start":{"line":144,"column":8},"end":{"line":144,"column":69}},"29":{"start":{"line":146,"column":8},"end":{"line":146,"column":40}},"30":{"start":{"line":147,"column":8},"end":{"line":147,"column":48}},"31":{"start":{"line":149,"column":8},"end":{"line":149,"column":41}},"32":{"start":{"line":153,"column":8},"end":{"line":153,"column":21}},"33":{"start":{"line":157,"column":8},"end":{"line":157,"column":34}},"34":{"start":{"line":172,"column":8},"end":{"line":172,"column":64}},"35":{"start":{"line":174,"column":8},"end":{"line":174,"column":4825}}},"branchMap":{"1":{"line":35,"type":"if","locations":[{"start":{"line":35,"column":8},"end":{"line":35,"column":8}},{"start":{"line":35,"column":8},"end":{"line":35,"column":8}}]},"2":{"line":40,"type":"if","locations":[{"start":{"line":40,"column":8},"end":{"line":40,"column":8}},{"start":{"line":40,"column":8},"end":{"line":40,"column":8}}]},"3":{"line":45,"type":"if","locations":[{"start":{"line":45,"column":8},"end":{"line":45,"column":8}},{"start":{"line":45,"column":8},"end":{"line":45,"column":8}}]},"4":{"line":50,"type":"if","locations":[{"start":{"line":50,"column":8},"end":{"line":50,"column":8}},{"start":{"line":50,"column":8},"end":{"line":50,"column":8}}]},"5":{"line":55,"type":"if","locations":[{"start":{"line":55,"column":8},"end":{"line":55,"column":8}},{"start":{"line":55,"column":8},"end":{"line":55,"column":8}}]},"6":{"line":56,"type":"if","locations":[{"start":{"line":56,"column":8},"end":{"line":56,"column":8}},{"start":{"line":56,"column":8},"end":{"line":56,"column":8}}]},"7":{"line":65,"type":"if","locations":[{"start":{"line":65,"column":12},"end":{"line":65,"column":12}},{"start":{"line":65,"column":12},"end":{"line":65,"column":12}}]},"8":{"line":66,"type":"if","locations":[{"start":{"line":66,"column":12},"end":{"line":66,"column":12}},{"start":{"line":66,"column":12},"end":{"line":66,"column":12}}]},"9":{"line":121,"type":"if","locations":[{"start":{"line":121,"column":8},"end":{"line":121,"column":8}},{"start":{"line":121,"column":8},"end":{"line":121,"column":8}}]},"10":{"line":131,"type":"if","locations":[{"start":{"line":131,"column":8},"end":{"line":131,"column":8}},{"start":{"line":131,"column":8},"end":{"line":131,"column":8}}]},"11":{"line":144,"type":"if","locations":[{"start":{"line":144,"column":8},"end":{"line":144,"column":8}},{"start":{"line":144,"column":8},"end":{"line":144,"column":8}}]}}},
"contracts\\MultiSigWalletFactory.sol":{"l":{"18":0,"19":0,"23":0,"24":0,"26":0},"path":"C:\\Users\\varch\\Desktop\\Rapid Innovation\\Learning-Materials\\av-git-smart-contracts\\contracts\\MultiSigWalletFactory.sol","s":{"1":0,"2":0,"3":0,"4":0,"5":0},"b":{},"f":{"1":0,"2":0},"fnMap":{"1":{"name":"createWallet","line":13,"loc":{"start":{"line":13,"column":4},"end":{"line":20,"column":4}}},"2":{"name":"register","line":22,"loc":{"start":{"line":22,"column":4},"end":{"line":27,"column":4}}}},"statementMap":{"1":{"start":{"line":18,"column":8},"end":{"line":18,"column":63}},"2":{"start":{"line":19,"column":8},"end":{"line":19,"column":23}},"3":{"start":{"line":23,"column":8},"end":{"line":23,"column":45}},"4":{"start":{"line":24,"column":8},"end":{"line":24,"column":54}},"5":{"start":{"line":26,"column":8},"end":{"line":26,"column":60}}},"branchMap":{}},
"contracts\\NFTMarket.sol":{"l":{"22":0,"23":0,"24":0,"26":0,"27":0,"31":0,"32":0,"48":0,"49":0,"51":0,"52":0,"55":0,"59":0,"60":0,"62":0,"63":0,"65":0,"69":0,"70":0,"72":0,"73":0,"74":0,"77":0,"79":0,"80":0,"82":0,"86":0},"path":"C:\\Users\\varch\\Desktop\\Rapid Innovation\\Learning-Materials\\av-git-smart-contracts\\contracts\\NFTMarket.sol","s":{"1":0,"2":0,"3":0,"4":0,"5":0,"6":0,"7":0,"8":0,"9":0,"10":0,"11":0,"12":0,"13":0,"14":0,"15":0,"16":0,"17":0,"18":0,"19":0,"20":0,"21":0,"22":0,"23":0,"24":0,"25":0,"26":0},"b":{"1":[0,0],"2":[0,0],"3":[0,0],"4":[0,0],"5":[0,0],"6":[0,0],"7":[0,0],"8":[0,0],"9":[0,0],"10":[0,0]},"f":{"1":0,"2":0,"3":0,"4":0,"5":0,"6":0},"fnMap":{"1":{"name":"constructor","line":21,"loc":{"start":{"line":21,"column":4},"end":{"line":28,"column":4}}},"2":{"name":"onlyOwner","line":30,"loc":{"start":{"line":30,"column":4},"end":{"line":33,"column":4}}},"3":{"name":"createNFTSale","line":46,"loc":{"start":{"line":46,"column":4},"end":{"line":56,"column":4}}},"4":{"name":"removeNFTSale","line":58,"loc":{"start":{"line":58,"column":4},"end":{"line":66,"column":4}}},"5":{"name":"buyNFT","line":68,"loc":{"start":{"line":68,"column":4},"end":{"line":83,"column":4}}},"6":{"name":"setMintingFee","line":85,"loc":{"start":{"line":85,"column":4},"end":{"line":87,"column":4}}}},"statementMap":{"1":{"start":{"line":22,"column":8},"end":{"line":22,"column":72}},"2":{"start":{"line":23,"column":8},"end":{"line":23,"column":65}},"3":{"start":{"line":24,"column":8},"end":{"line":24,"column":35}},"4":{"start":{"line":26,"column":8},"end":{"line":26,"column":26}},"5":{"start":{"line":27,"column":8},"end":{"line":27,"column":25}},"6":{"start":{"line":31,"column":8},"end":{"line":31,"column":49}},"7":{"start":{"line":48,"column":8},"end":{"line":48,"column":68}},"8":{"start":{"line":49,"column":8},"end":{"line":49,"column":57}},"9":{"start":{"line":51,"column":8},"end":{"line":51,"column":44}},"10":{"start":{"line":52,"column":8},"end":{"line":52,"column":47}},"11":{"start":{"line":55,"column":8},"end":{"line":55,"column":60}},"12":{"start":{"line":59,"column":8},"end":{"line":59,"column":106}},"13":{"start":{"line":60,"column":8},"end":{"line":60,"column":74}},"14":{"start":{"line":62,"column":8},"end":{"line":62,"column":36}},"15":{"start":{"line":63,"column":8},"end":{"line":63,"column":47}},"16":{"start":{"line":65,"column":8},"end":{"line":65,"column":60}},"17":{"start":{"line":69,"column":8},"end":{"line":69,"column":49}},"18":{"start":{"line":70,"column":8},"end":{"line":70,"column":86}},"19":{"start":{"line":72,"column":8},"end":{"line":72,"column":56}},"20":{"start":{"line":73,"column":8},"end":{"line":73,"column":53}},"21":{"start":{"line":74,"column":8},"end":{"line":74,"column":53}},"22":{"start":{"line":77,"column":8},"end":{"line":77,"column":59}},"23":{"start":{"line":79,"column":8},"end":{"line":79,"column":36}},"24":{"start":{"line":80,"column":8},"end":{"line":80,"column":47}},"25":{"start":{"line":82,"column":8},"end":{"line":82,"column":60}},"26":{"start":{"line":86,"column":8},"end":{"line":86,"column":27}}},"branchMap":{"1":{"line":22,"type":"if","locations":[{"start":{"line":22,"column":8},"end":{"line":22,"column":8}},{"start":{"line":22,"column":8},"end":{"line":22,"column":8}}]},"2":{"line":23,"type":"if","locations":[{"start":{"line":23,"column":8},"end":{"line":23,"column":8}},{"start":{"line":23,"column":8},"end":{"line":23,"column":8}}]},"3":{"line":31,"type":"if","locations":[{"start":{"line":31,"column":8},"end":{"line":31,"column":8}},{"start":{"line":31,"column":8},"end":{"line":31,"column":8}}]},"4":{"line":48,"type":"if","locations":[{"start":{"line":48,"column":8},"end":{"line":48,"column":8}},{"start":{"line":48,"column":8},"end":{"line":48,"column":8}}]},"5":{"line":49,"type":"if","locations":[{"start":{"line":49,"column":8},"end":{"line":49,"column":8}},{"start":{"line":49,"column":8},"end":{"line":49,"column":8}}]},"6":{"line":59,"type":"if","locations":[{"start":{"line":59,"column":8},"end":{"line":59,"column":8}},{"start":{"line":59,"column":8},"end":{"line":59,"column":8}}]},"7":{"line":60,"type":"if","locations":[{"start":{"line":60,"column":8},"end":{"line":60,"column":8}},{"start":{"line":60,"column":8},"end":{"line":60,"column":8}}]},"8":{"line":70,"type":"if","locations":[{"start":{"line":70,"column":8},"end":{"line":70,"column":8}},{"start":{"line":70,"column":8},"end":{"line":70,"column":8}}]},"9":{"line":73,"type":"if","locations":[{"start":{"line":73,"column":8},"end":{"line":73,"column":8}},{"start":{"line":73,"column":8},"end":{"line":73,"column":8}}]},"10":{"line":74,"type":"if","locations":[{"start":{"line":74,"column":8},"end":{"line":74,"column":8}},{"start":{"line":74,"column":8},"end":{"line":74,"column":8}}]}}},
"contracts\\PieToken.sol":{"l":{"11":2,"12":1,"16":2,"17":1},"path":"C:\\Users\\varch\\Desktop\\Rapid Innovation\\Learning-Materials\\av-git-smart-contracts\\contracts\\PieToken.sol","s":{"1":2,"2":1,"3":2,"4":1},"b":{"1":[1,1],"2":[1,1]},"f":{"1":3,"2":2,"3":2},"fnMap":{"1":{"name":"constructor","line":8,"loc":{"start":{"line":8,"column":4},"end":{"line":8,"column":45}}},"2":{"name":"mint","line":10,"loc":{"start":{"line":10,"column":4},"end":{"line":13,"column":4}}},"3":{"name":"burn","line":15,"loc":{"start":{"line":15,"column":4},"end":{"line":18,"column":4}}}},"statementMap":{"1":{"start":{"line":11,"column":8},"end":{"line":11,"column":76}},"2":{"start":{"line":12,"column":8},"end":{"line":12,"column":24}},"3":{"start":{"line":16,"column":8},"end":{"line":16,"column":76}},"4":{"start":{"line":17,"column":8},"end":{"line":17,"column":29}}},"branchMap":{"1":{"line":11,"type":"if","locations":[{"start":{"line":11,"column":8},"end":{"line":11,"column":8}},{"start":{"line":11,"column":8},"end":{"line":11,"column":8}}]},"2":{"line":16,"type":"if","locations":[{"start":{"line":16,"column":8},"end":{"line":16,"column":8}},{"start":{"line":16,"column":8},"end":{"line":16,"column":8}}]}}},
"contracts\\RewardToken.sol":{"l":{"12":0,"16":0},"path":"C:\\Users\\varch\\Desktop\\Rapid Innovation\\Learning-Materials\\av-git-smart-contracts\\contracts\\RewardToken.sol","s":{"1":0,"2":0},"b":{},"f":{"1":0,"2":0,"3":0},"fnMap":{"1":{"name":"constructor","line":8,"loc":{"start":{"line":8,"column":4},"end":{"line":9,"column":4}}},"2":{"name":"mint","line":11,"loc":{"start":{"line":11,"column":4},"end":{"line":13,"column":4}}},"3":{"name":"burn","line":15,"loc":{"start":{"line":15,"column":4},"end":{"line":17,"column":4}}}},"statementMap":{"1":{"start":{"line":12,"column":8},"end":{"line":12,"column":24}},"2":{"start":{"line":16,"column":8},"end":{"line":16,"column":27}}},"branchMap":{}},
"contracts\\Vault.sol":{"l":{"31":0,"32":0,"36":0,"37":0,"41":0,"42":0,"46":0,"47":0,"51":0,"52":0,"53":0,"54":0,"59":0,"60":0,"66":0,"67":0,"69":0,"70":0,"72":0,"73":0,"76":0,"80":0,"82":0,"86":0,"88":0,"92":0,"93":0,"94":0,"95":0,"99":0,"100":0,"101":0,"102":0,"103":0,"104":0,"105":0,"106":0,"107":0,"111":0,"112":0,"113":0,"114":0,"115":0,"121":0,"125":0,"126":0,"127":0,"131":0,"135":0},"path":"C:\\Users\\varch\\Desktop\\Rapid Innovation\\Learning-Materials\\av-git-smart-contracts\\contracts\\Vault.sol","s":{"1":0,"2":0,"3":0,"4":0,"5":0,"6":0,"7":0,"8":0,"9":0,"10":0,"11":0,"12":0,"13":0,"14":0,"15":0,"16":0,"17":0,"18":0,"19":0,"20":0,"21":0,"22":0,"23":0,"24":0,"25":0,"26":0,"27":0,"28":0,"29":0,"30":0,"31":0,"32":0,"33":0,"34":0,"35":0,"36":0,"37":0,"38":0,"39":0,"40":0,"41":0,"42":0,"43":0,"44":0},"b":{"1":[0,0],"2":[0,0],"3":[0,0],"4":[0,0],"5":[0,0],"6":[0,0],"7":[0,0],"8":[0,0],"9":[0,0],"10":[0,0],"11":[0,0],"12":[0,0],"13":[0,0],"14":[0,0],"15":[0,0],"16":[0,0],"17":[0,0]},"f":{"1":0,"2":0,"3":0,"4":0,"5":0,"6":0,"7":0,"8":0,"9":0,"10":0,"11":0,"12":0,"13":0,"14":0},"fnMap":{"1":{"name":"onlyDepositer","line":30,"loc":{"start":{"line":30,"column":4},"end":{"line":33,"column":4}}},"2":{"name":"wdIndexExists","line":35,"loc":{"start":{"line":35,"column":4},"end":{"line":38,"column":4}}},"3":{"name":"onlyOwner","line":40,"loc":{"start":{"line":40,"column":4},"end":{"line":43,"column":4}}},"4":{"name":"isApproved","line":45,"loc":{"start":{"line":45,"column":4},"end":{"line":48,"column":4}}},"5":{"name":"lock","line":50,"loc":{"start":{"line":50,"column":4},"end":{"line":55,"column":4}}},"6":{"name":"constructor","line":57,"loc":{"start":{"line":57,"column":4},"end":{"line":77,"column":4}}},"7":{"name":"setRewardToken","line":79,"loc":{"start":{"line":79,"column":4},"end":{"line":83,"column":4}}},"8":{"name":"setXenToken","line":85,"loc":{"start":{"line":85,"column":4},"end":{"line":89,"column":4}}},"9":{"name":"deposite","line":91,"loc":{"start":{"line":91,"column":4},"end":{"line":96,"column":4}}},"10":{"name":"withdraw","line":98,"loc":{"start":{"line":98,"column":4},"end":{"line":108,"column":4}}},"11":{"name":"submitWithdrawal","line":110,"loc":{"start":{"line":110,"column":4},"end":{"line":122,"column":4}}},"12":{"name":"approve","line":124,"loc":{"start":{"line":124,"column":4},"end":{"line":128,"column":4}}},"13":{"name":"getDepositerBalance","line":130,"loc":{"start":{"line":130,"column":4},"end":{"line":132,"column":4}}},"14":{"name":"getContractBalance","line":134,"loc":{"start":{"line":134,"column":4},"end":{"line":136,"column":4}}}},"statementMap":{"1":{"start":{"line":31,"column":8},"end":{"line":31,"column":74}},"2":{"start":{"line":36,"column":8},"end":{"line":36,"column":46}},"3":{"start":{"line":41,"column":8},"end":{"line":41,"column":58}},"4":{"start":{"line":46,"column":8},"end":{"line":46,"column":86}},"5":{"start":{"line":51,"column":8},"end":{"line":51,"column":44}},"6":{"start":{"line":52,"column":8},"end":{"line":52,"column":22}},"7":{"start":{"line":54,"column":8},"end":{"line":54,"column":23}},"8":{"start":{"line":59,"column":8},"end":{"line":59,"column":53}},"9":{"start":{"line":60,"column":8},"end":{"line":60,"column":1697}},"10":{"start":{"line":66,"column":8},"end":{"line":66,"column":1879}},"11":{"start":{"line":67,"column":12},"end":{"line":67,"column":38}},"12":{"start":{"line":69,"column":12},"end":{"line":69,"column":56}},"13":{"start":{"line":70,"column":12},"end":{"line":70,"column":55}},"14":{"start":{"line":72,"column":12},"end":{"line":72,"column":32}},"15":{"start":{"line":73,"column":12},"end":{"line":73,"column":29}},"16":{"start":{"line":76,"column":8},"end":{"line":76,"column":45}},"17":{"start":{"line":80,"column":8},"end":{"line":80,"column":69}},"18":{"start":{"line":82,"column":8},"end":{"line":82,"column":36}},"19":{"start":{"line":86,"column":8},"end":{"line":86,"column":66}},"20":{"start":{"line":88,"column":8},"end":{"line":88,"column":25}},"21":{"start":{"line":92,"column":8},"end":{"line":92,"column":52}},"22":{"start":{"line":93,"column":8},"end":{"line":93,"column":46}},"23":{"start":{"line":94,"column":8},"end":{"line":94,"column":59}},"24":{"start":{"line":95,"column":8},"end":{"line":95,"column":39}},"25":{"start":{"line":99,"column":8},"end":{"line":99,"column":71}},"26":{"start":{"line":100,"column":8},"end":{"line":100,"column":117}},"27":{"start":{"line":101,"column":8},"end":{"line":101,"column":53}},"28":{"start":{"line":102,"column":8},"end":{"line":102,"column":45}},"29":{"start":{"line":103,"column":8},"end":{"line":103,"column":45}},"30":{"start":{"line":104,"column":8},"end":{"line":104,"column":47}},"31":{"start":{"line":105,"column":8},"end":{"line":105,"column":31}},"32":{"start":{"line":106,"column":8},"end":{"line":106,"column":38}},"33":{"start":{"line":107,"column":8},"end":{"line":107,"column":44}},"34":{"start":{"line":111,"column":8},"end":{"line":111,"column":69}},"35":{"start":{"line":112,"column":8},"end":{"line":112,"column":52}},"36":{"start":{"line":113,"column":8},"end":{"line":113,"column":96}},"37":{"start":{"line":114,"column":8},"end":{"line":114,"column":44}},"38":{"start":{"line":115,"column":8},"end":{"line":115,"column":3844}},"39":{"start":{"line":121,"column":8},"end":{"line":121,"column":64}},"40":{"start":{"line":125,"column":8},"end":{"line":125,"column":56}},"41":{"start":{"line":126,"column":8},"end":{"line":126,"column":32}},"42":{"start":{"line":127,"column":8},"end":{"line":127,"column":45}},"43":{"start":{"line":131,"column":8},"end":{"line":131,"column":43}},"44":{"start":{"line":135,"column":8},"end":{"line":135,"column":43}}},"branchMap":{"1":{"line":31,"type":"if","locations":[{"start":{"line":31,"column":8},"end":{"line":31,"column":8}},{"start":{"line":31,"column":8},"end":{"line":31,"column":8}}]},"2":{"line":36,"type":"if","locations":[{"start":{"line":36,"column":8},"end":{"line":36,"column":8}},{"start":{"line":36,"column":8},"end":{"line":36,"column":8}}]},"3":{"line":41,"type":"if","locations":[{"start":{"line":41,"column":8},"end":{"line":41,"column":8}},{"start":{"line":41,"column":8},"end":{"line":41,"column":8}}]},"4":{"line":46,"type":"if","locations":[{"start":{"line":46,"column":8},"end":{"line":46,"column":8}},{"start":{"line":46,"column":8},"end":{"line":46,"column":8}}]},"5":{"line":51,"type":"if","locations":[{"start":{"line":51,"column":8},"end":{"line":51,"column":8}},{"start":{"line":51,"column":8},"end":{"line":51,"column":8}}]},"6":{"line":59,"type":"if","locations":[{"start":{"line":59,"column":8},"end":{"line":59,"column":8}},{"start":{"line":59,"column":8},"end":{"line":59,"column":8}}]},"7":{"line":60,"type":"if","locations":[{"start":{"line":60,"column":8},"end":{"line":60,"column":8}},{"start":{"line":60,"column":8},"end":{"line":60,"column":8}}]},"8":{"line":69,"type":"if","locations":[{"start":{"line":69,"column":12},"end":{"line":69,"column":12}},{"start":{"line":69,"column":12},"end":{"line":69,"column":12}}]},"9":{"line":70,"type":"if","locations":[{"start":{"line":70,"column":12},"end":{"line":70,"column":12}},{"start":{"line":70,"column":12},"end":{"line":70,"column":12}}]},"10":{"line":80,"type":"if","locations":[{"start":{"line":80,"column":8},"end":{"line":80,"column":8}},{"start":{"line":80,"column":8},"end":{"line":80,"column":8}}]},"11":{"line":86,"type":"if","locations":[{"start":{"line":86,"column":8},"end":{"line":86,"column":8}},{"start":{"line":86,"column":8},"end":{"line":86,"column":8}}]},"12":{"line":92,"type":"if","locations":[{"start":{"line":92,"column":8},"end":{"line":92,"column":8}},{"start":{"line":92,"column":8},"end":{"line":92,"column":8}}]},"13":{"line":99,"type":"if","locations":[{"start":{"line":99,"column":8},"end":{"line":99,"column":8}},{"start":{"line":99,"column":8},"end":{"line":99,"column":8}}]},"14":{"line":100,"type":"if","locations":[{"start":{"line":100,"column":8},"end":{"line":100,"column":8}},{"start":{"line":100,"column":8},"end":{"line":100,"column":8}}]},"15":{"line":111,"type":"if","locations":[{"start":{"line":111,"column":8},"end":{"line":111,"column":8}},{"start":{"line":111,"column":8},"end":{"line":111,"column":8}}]},"16":{"line":112,"type":"if","locations":[{"start":{"line":112,"column":8},"end":{"line":112,"column":8}},{"start":{"line":112,"column":8},"end":{"line":112,"column":8}}]},"17":{"line":113,"type":"if","locations":[{"start":{"line":113,"column":8},"end":{"line":113,"column":8}},{"start":{"line":113,"column":8},"end":{"line":113,"column":8}}]}}},
"contracts\\XenToken.sol":{"l":{"9":0},"path":"C:\\Users\\varch\\Desktop\\Rapid Innovation\\Learning-Materials\\av-git-smart-contracts\\contracts\\XenToken.sol","s":{"1":0},"b":{},"f":{"1":0},"fnMap":{"1":{"name":"constructor","line":8,"loc":{"start":{"line":8,"column":4},"end":{"line":10,"column":4}}}},"statementMap":{"1":{"start":{"line":9,"column":8},"end":{"line":9,"column":44}}},"branchMap":{}}}
