TN:
SF:C:\Users\varch\Desktop\Rapid Innovation\Learning-Materials\av-git-smart-contracts\contracts\AvengersNFT.sol
FN:13,constructor
FN:15,mint
FNF:2
FNH:0
FNDA:0,constructor
FNDA:0,mint
DA:16,0
DA:17,0
DA:18,0
DA:19,0
LF:4
LH:0
BRF:0
BRH:0
end_of_record
TN:
SF:C:\Users\varch\Desktop\Rapid Innovation\Learning-Materials\av-git-smart-contracts\contracts\ERC20TokenTest.sol
FN:10,constructor
FN:14,testMint
FN:18,testBurn
FNF:3
FNH:3
FNDA:3,constructor
FNDA:1,testMint
FNDA:1,testBurn
DA:11,3
DA:15,1
DA:19,1
LF:3
LH:3
BRF:0
BRH:0
end_of_record
TN:
SF:C:\Users\varch\Desktop\Rapid Innovation\Learning-Materials\av-git-smart-contracts\contracts\MultiSigWallet.sol
FN:34,onlyOwner
FN:39,txExists
FN:44,notExecuted
FN:49,notConfirmed
FN:54,constructor
FN:83,submitTransaction
FN:104,confirmTransaction
FN:117,executeTransaction
FN:140,revokeConfirmation
FN:152,getOwners
FN:156,getTransactionCount
FN:163,getTransaction
FNF:12
FNH:0
FNDA:0,onlyOwner
FNDA:0,txExists
FNDA:0,notExecuted
FNDA:0,notConfirmed
FNDA:0,constructor
FNDA:0,submitTransaction
FNDA:0,confirmTransaction
FNDA:0,executeTransaction
FNDA:0,revokeConfirmation
FNDA:0,getOwners
FNDA:0,getTransactionCount
FNDA:0,getTransaction
DA:35,0
DA:36,0
DA:40,0
DA:41,0
DA:45,0
DA:46,0
DA:50,0
DA:51,0
DA:55,0
DA:56,0
DA:62,0
DA:63,0
DA:65,0
DA:66,0
DA:68,0
DA:69,0
DA:72,0
DA:76,0
DA:84,0
DA:86,0
DA:96,0
DA:106,0
DA:107,0
DA:108,0
DA:110,0
DA:119,0
DA:121,0
DA:126,0
DA:128,0
DA:131,0
DA:133,0
DA:142,0
DA:144,0
DA:146,0
DA:147,0
DA:149,0
DA:153,0
DA:157,0
DA:172,0
DA:174,0
LF:40
LH:0
BRDA:35,1,0,0
BRDA:35,1,1,0
BRDA:40,2,0,0
BRDA:40,2,1,0
BRDA:45,3,0,0
BRDA:45,3,1,0
BRDA:50,4,0,0
BRDA:50,4,1,0
BRDA:55,5,0,0
BRDA:55,5,1,0
BRDA:56,6,0,0
BRDA:56,6,1,0
BRDA:65,7,0,0
BRDA:65,7,1,0
BRDA:66,8,0,0
BRDA:66,8,1,0
BRDA:121,9,0,0
BRDA:121,9,1,0
BRDA:131,10,0,0
BRDA:131,10,1,0
BRDA:144,11,0,0
BRDA:144,11,1,0
BRF:22
BRH:0
end_of_record
TN:
SF:C:\Users\varch\Desktop\Rapid Innovation\Learning-Materials\av-git-smart-contracts\contracts\MultiSigWalletFactory.sol
FN:13,createWallet
FN:22,register
FNF:2
FNH:0
FNDA:0,createWallet
FNDA:0,register
DA:18,0
DA:19,0
DA:23,0
DA:24,0
DA:26,0
LF:5
LH:0
BRF:0
BRH:0
end_of_record
TN:
SF:C:\Users\varch\Desktop\Rapid Innovation\Learning-Materials\av-git-smart-contracts\contracts\NFTMarket.sol
FN:21,constructor
FN:30,onlyOwner
FN:46,createNFTSale
FN:58,removeNFTSale
FN:68,buyNFT
FN:85,setMintingFee
FNF:6
FNH:0
FNDA:0,constructor
FNDA:0,onlyOwner
FNDA:0,createNFTSale
FNDA:0,removeNFTSale
FNDA:0,buyNFT
FNDA:0,setMintingFee
DA:22,0
DA:23,0
DA:24,0
DA:26,0
DA:27,0
DA:31,0
DA:32,0
DA:48,0
DA:49,0
DA:51,0
DA:52,0
DA:55,0
DA:59,0
DA:60,0
DA:62,0
DA:63,0
DA:65,0
DA:69,0
DA:70,0
DA:72,0
DA:73,0
DA:74,0
DA:77,0
DA:79,0
DA:80,0
DA:82,0
DA:86,0
LF:27
LH:0
BRDA:22,1,0,0
BRDA:22,1,1,0
BRDA:23,2,0,0
BRDA:23,2,1,0
BRDA:31,3,0,0
BRDA:31,3,1,0
BRDA:48,4,0,0
BRDA:48,4,1,0
BRDA:49,5,0,0
BRDA:49,5,1,0
BRDA:59,6,0,0
BRDA:59,6,1,0
BRDA:60,7,0,0
BRDA:60,7,1,0
BRDA:70,8,0,0
BRDA:70,8,1,0
BRDA:73,9,0,0
BRDA:73,9,1,0
BRDA:74,10,0,0
BRDA:74,10,1,0
BRF:20
BRH:0
end_of_record
TN:
SF:C:\Users\varch\Desktop\Rapid Innovation\Learning-Materials\av-git-smart-contracts\contracts\PieToken.sol
FN:8,constructor
FN:10,mint
FN:15,burn
FNF:3
FNH:3
FNDA:3,constructor
FNDA:2,mint
FNDA:2,burn
DA:11,2
DA:12,1
DA:16,2
DA:17,1
LF:4
LH:4
BRDA:11,1,0,1
BRDA:11,1,1,1
BRDA:16,2,0,1
BRDA:16,2,1,1
BRF:4
BRH:4
end_of_record
TN:
SF:C:\Users\varch\Desktop\Rapid Innovation\Learning-Materials\av-git-smart-contracts\contracts\RewardToken.sol
FN:8,constructor
FN:11,mint
FN:15,burn
FNF:3
FNH:0
FNDA:0,constructor
FNDA:0,mint
FNDA:0,burn
DA:12,0
DA:16,0
LF:2
LH:0
BRF:0
BRH:0
end_of_record
TN:
SF:C:\Users\varch\Desktop\Rapid Innovation\Learning-Materials\av-git-smart-contracts\contracts\Vault.sol
FN:30,onlyDepositer
FN:35,wdIndexExists
FN:40,onlyOwner
FN:45,isApproved
FN:50,lock
FN:57,constructor
FN:79,setRewardToken
FN:85,setXenToken
FN:91,deposite
FN:98,withdraw
FN:110,submitWithdrawal
FN:124,approve
FN:130,getDepositerBalance
FN:134,getContractBalance
FNF:14
FNH:0
FNDA:0,onlyDepositer
FNDA:0,wdIndexExists
FNDA:0,onlyOwner
FNDA:0,isApproved
FNDA:0,lock
FNDA:0,constructor
FNDA:0,setRewardToken
FNDA:0,setXenToken
FNDA:0,deposite
FNDA:0,withdraw
FNDA:0,submitWithdrawal
FNDA:0,approve
FNDA:0,getDepositerBalance
FNDA:0,getContractBalance
DA:31,0
DA:32,0
DA:36,0
DA:37,0
DA:41,0
DA:42,0
DA:46,0
DA:47,0
DA:51,0
DA:52,0
DA:53,0
DA:54,0
DA:59,0
DA:60,0
DA:66,0
DA:67,0
DA:69,0
DA:70,0
DA:72,0
DA:73,0
DA:76,0
DA:80,0
DA:82,0
DA:86,0
DA:88,0
DA:92,0
DA:93,0
DA:94,0
DA:95,0
DA:99,0
DA:100,0
DA:101,0
DA:102,0
DA:103,0
DA:104,0
DA:105,0
DA:106,0
DA:107,0
DA:111,0
DA:112,0
DA:113,0
DA:114,0
DA:115,0
DA:121,0
DA:125,0
DA:126,0
DA:127,0
DA:131,0
DA:135,0
LF:49
LH:0
BRDA:31,1,0,0
BRDA:31,1,1,0
BRDA:36,2,0,0
BRDA:36,2,1,0
BRDA:41,3,0,0
BRDA:41,3,1,0
BRDA:46,4,0,0
BRDA:46,4,1,0
BRDA:51,5,0,0
BRDA:51,5,1,0
BRDA:59,6,0,0
BRDA:59,6,1,0
BRDA:60,7,0,0
BRDA:60,7,1,0
BRDA:69,8,0,0
BRDA:69,8,1,0
BRDA:70,9,0,0
BRDA:70,9,1,0
BRDA:80,10,0,0
BRDA:80,10,1,0
BRDA:86,11,0,0
BRDA:86,11,1,0
BRDA:92,12,0,0
BRDA:92,12,1,0
BRDA:99,13,0,0
BRDA:99,13,1,0
BRDA:100,14,0,0
BRDA:100,14,1,0
BRDA:111,15,0,0
BRDA:111,15,1,0
BRDA:112,16,0,0
BRDA:112,16,1,0
BRDA:113,17,0,0
BRDA:113,17,1,0
BRF:34
BRH:0
end_of_record
TN:
SF:C:\Users\varch\Desktop\Rapid Innovation\Learning-Materials\av-git-smart-contracts\contracts\XenToken.sol
FN:8,constructor
FNF:1
FNH:0
FNDA:0,constructor
DA:9,0
LF:1
LH:0
BRF:0
BRH:0
end_of_record
